

*******************************************************************************
Wed Apr  3 11:37:39 2024


FIT:    data read from "datos_OG_it.txt"
        format = z
        #datapoints = 12
        residuals are weighted equally (unit weight)

function used for fitting: f(x)
	f(x)=a*x**1.6
fitted parameters initialized with current variable values

iter      chisq       delta/lim  lambda   a            
   0 1.6126762992e+14   0.00e+00  5.13e+06    1.000000e+00
   3 1.8675871091e+11  -3.54e-01  5.13e+03    2.858572e-01

After 3 iterations the fit converged.
final sum of squares of residuals : 1.86759e+11
rel. change during last iteration : -3.53827e-06

degrees of freedom    (FIT_NDF)                        : 11
rms of residuals      (FIT_STDFIT) = sqrt(WSSR/ndf)    : 130300
variance of residuals (reduced chisquare) = WSSR/ndf   : 1.69781e+10

Final set of parameters            Asymptotic Standard Error
=======================            ==========================
a               = 0.285857         +/- 0.007332     (2.565%)


*******************************************************************************
Wed Apr  3 11:37:50 2024


FIT:    data read from "datos_OG_it.txt"
        format = z
        #datapoints = 12
        residuals are weighted equally (unit weight)

function used for fitting: f(x)
	f(x)=a*x**1.6
fitted parameters initialized with current variable values

iter      chisq       delta/lim  lambda   a            
   0 1.6126762992e+14   0.00e+00  5.13e+06    1.000000e+00
   3 1.8675871091e+11  -3.54e-01  5.13e+03    2.858572e-01

After 3 iterations the fit converged.
final sum of squares of residuals : 1.86759e+11
rel. change during last iteration : -3.53827e-06

degrees of freedom    (FIT_NDF)                        : 11
rms of residuals      (FIT_STDFIT) = sqrt(WSSR/ndf)    : 130300
variance of residuals (reduced chisquare) = WSSR/ndf   : 1.69781e+10

Final set of parameters            Asymptotic Standard Error
=======================            ==========================
a               = 0.285857         +/- 0.007332     (2.565%)


*******************************************************************************
Wed Apr  3 11:41:39 2024


FIT:    data read from "datos_OG_it.txt"
        format = z
        #datapoints = 12
        residuals are weighted equally (unit weight)

function used for fitting: f(x)
	f(x)=a*x**1.6
fitted parameters initialized with current variable values

iter      chisq       delta/lim  lambda   a            
   0 1.6126762992e+14   0.00e+00  5.13e+06    1.000000e+00
   3 1.8675871091e+11  -3.54e-01  5.13e+03    2.858572e-01

After 3 iterations the fit converged.
final sum of squares of residuals : 1.86759e+11
rel. change during last iteration : -3.53827e-06

degrees of freedom    (FIT_NDF)                        : 11
rms of residuals      (FIT_STDFIT) = sqrt(WSSR/ndf)    : 130300
variance of residuals (reduced chisquare) = WSSR/ndf   : 1.69781e+10

Final set of parameters            Asymptotic Standard Error
=======================            ==========================
a               = 0.285857         +/- 0.007332     (2.565%)


*******************************************************************************
Wed Apr  3 11:41:44 2024


FIT:    data read from "datos_OG_it.txt"
        format = z
        #datapoints = 12
        residuals are weighted equally (unit weight)

function used for fitting: f(x)
	f(x)=a*x**1.6
fitted parameters initialized with current variable values

iter      chisq       delta/lim  lambda   a            
   0 1.6126762992e+14   0.00e+00  5.13e+06    1.000000e+00
   3 1.8675871091e+11  -3.54e-01  5.13e+03    2.858572e-01

After 3 iterations the fit converged.
final sum of squares of residuals : 1.86759e+11
rel. change during last iteration : -3.53827e-06

degrees of freedom    (FIT_NDF)                        : 11
rms of residuals      (FIT_STDFIT) = sqrt(WSSR/ndf)    : 130300
variance of residuals (reduced chisquare) = WSSR/ndf   : 1.69781e+10

Final set of parameters            Asymptotic Standard Error
=======================            ==========================
a               = 0.285857         +/- 0.007332     (2.565%)


*******************************************************************************
Wed Apr  3 11:43:17 2024


FIT:    data read from "datos_OG_it.txt"
        format = z
        #datapoints = 12
        residuals are weighted equally (unit weight)

function used for fitting: f(x)
	f(x)=a*x**log(3)
fitted parameters initialized with current variable values

iter      chisq       delta/lim  lambda   a            
   0 2.4984796820e+13   0.00e+00  2.98e+04    1.000000e+00
   3 1.5454098844e+12  -6.22e-03  2.98e+01    4.786320e+01

After 3 iterations the fit converged.
final sum of squares of residuals : 1.54541e+12
rel. change during last iteration : -6.222e-08

degrees of freedom    (FIT_NDF)                        : 11
rms of residuals      (FIT_STDFIT) = sqrt(WSSR/ndf)    : 374822
variance of residuals (reduced chisquare) = WSSR/ndf   : 1.40492e+11

Final set of parameters            Asymptotic Standard Error
=======================            ==========================
a               = 47.8632          +/- 3.628        (7.58%)


*******************************************************************************
Wed Apr  3 11:44:07 2024


FIT:    data read from "datos_OG_it.txt"
        format = z
        #datapoints = 12
        residuals are weighted equally (unit weight)

function used for fitting: f(x)
	f(x)=a*x**log(3)/log(2)
fitted parameters initialized with current variable values

iter      chisq       delta/lim  lambda   a            
   0 2.4544046345e+13   0.00e+00  4.30e+04    1.000000e+00
   3 1.5454098844e+12  -6.11e-03  4.30e+01    3.317624e+01

After 3 iterations the fit converged.
final sum of squares of residuals : 1.54541e+12
rel. change during last iteration : -6.105e-08

degrees of freedom    (FIT_NDF)                        : 11
rms of residuals      (FIT_STDFIT) = sqrt(WSSR/ndf)    : 374822
variance of residuals (reduced chisquare) = WSSR/ndf   : 1.40492e+11

Final set of parameters            Asymptotic Standard Error
=======================            ==========================
a               = 33.1762          +/- 2.515        (7.58%)


*******************************************************************************
Wed Apr  3 11:44:26 2024


FIT:    data read from "datos_OG_it.txt"
        format = z
        #datapoints = 12
        residuals are weighted equally (unit weight)

function used for fitting: f(x)
	f(x)=a*x**( log(3)/log(2) )
fitted parameters initialized with current variable values

iter      chisq       delta/lim  lambda   a            
   0 1.0303933415e+14   0.00e+00  4.39e+06    1.000000e+00
   3 2.0416674235e+11  -2.07e-01  4.39e+03    3.336909e-01

After 3 iterations the fit converged.
final sum of squares of residuals : 2.04167e+11
rel. change during last iteration : -2.06626e-06

degrees of freedom    (FIT_NDF)                        : 11
rms of residuals      (FIT_STDFIT) = sqrt(WSSR/ndf)    : 136237
variance of residuals (reduced chisquare) = WSSR/ndf   : 1.85606e+10

Final set of parameters            Asymptotic Standard Error
=======================            ==========================
a               = 0.333691         +/- 0.008952     (2.683%)


*******************************************************************************
Wed Apr  3 11:45:35 2024


FIT:    data read from "datos_OG_it.txt"
        format = z
        #datapoints = 12
        residuals are weighted equally (unit weight)

function used for fitting: f(x)
	f(x)=a*x**( log(3)/log(2) )
fitted parameters initialized with current variable values

iter      chisq       delta/lim  lambda   a            
   0 1.0303933415e+14   0.00e+00  4.39e+06    1.000000e+00
   3 2.0416674235e+11  -2.07e-01  4.39e+03    3.336909e-01

After 3 iterations the fit converged.
final sum of squares of residuals : 2.04167e+11
rel. change during last iteration : -2.06626e-06

degrees of freedom    (FIT_NDF)                        : 11
rms of residuals      (FIT_STDFIT) = sqrt(WSSR/ndf)    : 136237
variance of residuals (reduced chisquare) = WSSR/ndf   : 1.85606e+10

Final set of parameters            Asymptotic Standard Error
=======================            ==========================
a               = 0.333691         +/- 0.008952     (2.683%)
